This is pdfTeXk, Version 3.141592-1.40.3 (Web2C 7.5.6) (format=pdflatex 2010.7.2)  19 JUL 2010 16:28
entering extended mode
 %&-line parsing enabled.
**aDataTextMining cabecalho.tex
(./aDataTextMining.tex
LaTeX2e <2005/12/01>
Babel <v3.8h> and hyphenation patterns for english, usenglishmax, dumylang, noh
yphenation, croatian, ukrainian, russian, bulgarian, czech, slovak, danish, dut
ch, finnish, basque, french, german, ngerman, ibycus, greek, monogreek, ancient
greek, hungarian, italian, latin, mongolian, norsk, icelandic, interlingua, tur
kish, coptic, romanian, welsh, serbian, slovenian, estonian, esperanto, upperso
rbian, indonesian, polish, portuguese, spanish, catalan, galician, swedish, loa
ded.
(./jomislides.cls
Document Class: jomislides 2002/05/23
(/usr/share/texmf-texlive/tex/latex/seminar/seminar.cls
Document Class: seminar 1997/10/13, 1.4
Document Style: `seminar' v1.4 <1997/10/13> (tvz)
\slidewidth=\dimen102
\slideheight=\dimen103
\footheight=\dimen104
(/usr/share/texmf-texlive/tex/latex/base/article.cls
Document Class: article 2005/09/16 v1.4f Standard LaTeX document class
(/usr/share/texmf-texlive/tex/latex/base/size10.clo
File: size10.clo 2005/09/16 v1.4f Standard LaTeX file (size option)
)
\c@part=\count79
\c@section=\count80
\c@subsection=\count81
\c@subsubsection=\count82
\c@paragraph=\count83
\c@subparagraph=\count84
\c@figure=\count85
\c@table=\count86
\abovecaptionskip=\skip41
\belowcaptionskip=\skip42
\bibindent=\dimen105
)
(/usr/share/texmf-texlive/tex/latex/seminar/sem-page.sty)
\before@document=\toks14
\after@document=\toks15
\before@enddocument=\toks16
\c@slide=\count87
\slide@count=\count88
\@slidebox=\box26
\not@slidebox=\box27
\slide@hook=\toks17
\after@slide=\toks18
\slide@footins=\insert233
\slide@listdepth=\count89
\saved@specials=\box28
\before@newslide=\toks19
\after@slidepage=\toks20
\slidesep=\skip43
\c@note=\count90
\slideframewidth=\dimen106
\slideframesep=\dimen107
\semin=\dimen108
\semcm=\dimen109
)
(/usr/share/texmf-texlive/tex/latex/base/ifthen.sty
Package: ifthen 2001/05/26 v1.1c Standard LaTeX ifthen package (DPC)
)
(/usr/share/texmf-texlive/tex/latex/fancybox/fancybox.sty
Package: fancybox 2000/09/19 1.3

Style option: `fancybox' v1.3 <2000/09/19> (tvz)
\@fancybox=\box29
\shadowsize=\dimen110
\@Sbox=\box30
\do@VerbBox=\toks21
\the@fancyput=\toks22
\this@fancyput=\toks23
\EndVerbatimTokens=\toks24
\Verbatim@Outfile=\write3
\Verbatim@Infile=\read1
) (/usr/share/texmf-texlive/tex/latex/graphics/color.sty
Package: color 2005/11/14 v1.0j Standard LaTeX Color (DPC)

(/etc/texmf/tex/latex/config/color.cfg
File: color.cfg 2007/01/18 v1.5 color configuration of teTeX/TeXLive
)
Package color Info: Driver file: pdftex.def on input line 130.

(/usr/share/texmf-texlive/tex/latex/pdftex-def/pdftex.def
File: pdftex.def 2007/01/08 v0.04d Graphics/color for pdfTeX
\Gread@gobject=\count91
))
(/usr/share/texmf-texlive/tex/latex/graphics/graphicx.sty
Package: graphicx 1999/02/16 v1.0f Enhanced LaTeX Graphics (DPC,SPQR)

(/usr/share/texmf-texlive/tex/latex/graphics/keyval.sty
Package: keyval 1999/03/16 v1.13 key=value parser (DPC)
\KV@toks@=\toks25
)
(/usr/share/texmf-texlive/tex/latex/graphics/graphics.sty
Package: graphics 2006/02/20 v1.0o Standard LaTeX Graphics (DPC,SPQR)

(/usr/share/texmf-texlive/tex/latex/graphics/trig.sty
Package: trig 1999/03/16 v1.09 sin cos tan (DPC)
)
(/etc/texmf/tex/latex/config/graphics.cfg
File: graphics.cfg 2007/01/18 v1.5 graphics configuration of teTeX/TeXLive
)
Package graphics Info: Driver file: pdftex.def on input line 90.
)
\Gin@req@height=\dimen111
\Gin@req@width=\dimen112
)
(/usr/share/texmf-texlive/tex/latex/seminar/slidesec.sty
File `slidesec.sty' v0.9  92/05/07  <tvz>
\@temptokenb=\toks26
\c@slidesection=\count92
\c@slidesubsection=\count93
) (/usr/share/texmf-texlive/tex/latex/ltxmisc/url.sty
\Urlmuskip=\muskip10
Package: url 2005/06/27  ver 3.2  Verb mode for urls, etc.
)
(/usr/share/texmf-texlive/tex/latex/hyperref/hyperref.sty
Package: hyperref 2007/02/07 v6.75r Hypertext links for LaTeX
\@linkdim=\dimen113
\Hy@linkcounter=\count94
\Hy@pagecounter=\count95

(/usr/share/texmf-texlive/tex/latex/hyperref/pd1enc.def
File: pd1enc.def 2007/02/07 v6.75r Hyperref: PDFDocEncoding definition (HO)
)
(/etc/texmf/tex/latex/config/hyperref.cfg
File: hyperref.cfg 2002/06/06 v1.2 hyperref configuration of TeXLive
)
(/usr/share/texmf-texlive/tex/latex/oberdiek/kvoptions.sty
Package: kvoptions 2006/08/22 v2.4 Connects package keyval with LaTeX options (
HO)
)
Package hyperref Info: Hyper figures OFF on input line 2288.
Package hyperref Info: Link nesting OFF on input line 2293.
Package hyperref Info: Hyper index ON on input line 2296.
Package hyperref Info: Plain pages OFF on input line 2303.
Package hyperref Info: Backreferencing OFF on input line 2308.

Implicit mode ON; LaTeX internals redefined
Package hyperref Info: Bookmarks ON on input line 2444.
LaTeX Info: Redefining \url on input line 2599.
\Fld@menulength=\count96
\Field@Width=\dimen114
\Fld@charsize=\dimen115
\Choice@toks=\toks27
\Field@toks=\toks28
Package hyperref Info: Hyper figures OFF on input line 3102.
Package hyperref Info: Link nesting OFF on input line 3107.
Package hyperref Info: Hyper index ON on input line 3110.
Package hyperref Info: backreferencing OFF on input line 3117.
Package hyperref Info: Link coloring OFF on input line 3122.
\Hy@abspage=\count97
\c@Item=\count98
\c@Hfootnote=\count99
)
*hyperref using driver hpdftex*
(/usr/share/texmf-texlive/tex/latex/hyperref/hpdftex.def
File: hpdftex.def 2007/02/07 v6.75r Hyperref driver for pdfTeX
\Fld@listcount=\count100
) (./background.sty)
(./pagetrans.sty) (./pause.sty)
(/usr/share/texmf-texlive/tex/latex/tools/enumerate.sty
Package: enumerate 1999/03/05 v3.00 enumerate extensions (DPC)
\@enLab=\toks29
)
(/usr/share/texmf-texlive/tex/latex/tools/multicol.sty
Package: multicol 2006/05/18 v1.6g multicolumn formatting (FMi)
\c@tracingmulticols=\count101
\mult@box=\box31
\multicol@leftmargin=\dimen116
\c@unbalance=\count102
\c@collectmore=\count103
\doublecol@number=\count104
\multicoltolerance=\count105
\multicolpretolerance=\count106
\full@width=\dimen117
\page@free=\dimen118
\premulticols=\dimen119
\postmulticols=\dimen120
\multicolsep=\skip44
\multicolbaselineskip=\skip45
\partial@page=\box32
\last@line=\box33
\mult@rightbox=\box34
\mult@grightbox=\box35
\mult@gfirstbox=\box36
\mult@firstbox=\box37
\@tempa=\box38
\@tempa=\box39
\@tempa=\box40
\@tempa=\box41
\@tempa=\box42
\@tempa=\box43
\@tempa=\box44
\@tempa=\box45
\@tempa=\box46
\@tempa=\box47
\@tempa=\box48
\@tempa=\box49
\@tempa=\box50
\@tempa=\box51
\@tempa=\box52
\@tempa=\box53
\@tempa=\box54
\c@columnbadness=\count107
\c@finalcolumnbadness=\count108
\last@try=\dimen121
\multicolovershoot=\dimen122
\multicolundershoot=\dimen123
\mult@nat@firstbox=\box55
\colbreak@box=\box56
)
(/usr/share/texmf-texlive/tex/latex/tools/tabularx.sty
Package: tabularx 1999/01/07 v2.07 `tabularx' package (DPC)

(/usr/share/texmf-texlive/tex/latex/tools/array.sty
Package: array 2005/08/23 v2.4b Tabular extension package (FMi)
\col@sep=\dimen124
\extrarowheight=\dimen125
\NC@list=\toks30
\extratabsurround=\skip46
\backup@length=\skip47
)
\TX@col@width=\dimen126
\TX@old@table=\dimen127
\TX@old@col=\dimen128
\TX@target=\dimen129
\TX@delta=\dimen130
\TX@cols=\count109
\TX@ftn=\toks31
)
(/usr/share/texmf-texlive/tex/latex/base/inputenc.sty
Package: inputenc 2006/05/05 v1.1b Input encoding file
\inpenc@prehook=\toks32
\inpenc@posthook=\toks33

(/usr/share/texmf-texlive/tex/latex/base/latin1.def
File: latin1.def 2006/05/05 v1.1b Input encoding file
))
(/usr/share/texmf-texlive/tex/latex/seminar/seminar.bug)
(/usr/share/texmf-texlive/tex/latex/seminar/seminar.bg2
seminar.bg2: various corrections for the Seminar document class
added since seminar.bug and few add-ons for overlays
(Version 2.1 of <May 31, 2002> (D.G.))
\Seminar@SlideBoxBackground=\box57
)
Package hyperref Info: Option `bookmarksopen' set `true' on input line 74.
Package hyperref Info: Option `colorlinks' set `true' on input line 78.
Package color Info: Redefining color botcol on input line 83.
Package color Info: Redefining color medcol on input line 84.
 (/usr/share/texmf-texlive/tex/latex/colortbl/colortbl.sty
Package: colortbl 2001/02/13 v0.1j Color table columns (DPC)
\everycr=\toks34
\minrowclearance=\skip48
))
(/usr/share/texmf-texlive/tex/latex/algorithms/algorithmic.sty
Package: algorithmic 2006/06/02

Document Style `algorithmic' - environment
(/usr/share/texmf-texlive/tex/latex/tools/calc.sty
Package: calc 2005/08/06 v4.2 Infix arithmetic (KKT,FJ)
\calc@Acount=\count110
\calc@Bcount=\count111
\calc@Adimen=\dimen131
\calc@Bdimen=\dimen132
\calc@Askip=\skip49
\calc@Bskip=\skip50
LaTeX Info: Redefining \setlength on input line 75.
LaTeX Info: Redefining \addtolength on input line 76.
\calc@Ccount=\count112
\calc@Cskip=\skip51
)
\c@ALC@line=\count113
\c@ALC@rem=\count114
\c@ALC@depth=\count115
\ALC@tlm=\skip52
\algorithmicindent=\skip53
)
(/usr/share/texmf-texlive/tex/latex/base/alltt.sty
Package: alltt 1997/06/16 v2.0g defines alltt environment
)
(/usr/share/texmf-texlive/tex/latex/booktabs/booktabs.sty
Package: booktabs 2005/04/14 v1.61803 publication quality tables
\heavyrulewidth=\dimen133
\lightrulewidth=\dimen134
\cmidrulewidth=\dimen135
\belowrulesep=\dimen136
\belowbottomsep=\dimen137
\aboverulesep=\dimen138
\abovetopsep=\dimen139
\cmidrulesep=\dimen140
\cmidrulekern=\dimen141
\defaultaddspace=\dimen142
\@cmidla=\count116
\@cmidlb=\count117
\@aboverulesep=\dimen143
\@belowrulesep=\dimen144
\@thisruleclass=\count118
\@lastruleclass=\count119
\@thisrulewidth=\dimen145
)
(/usr/share/texmf-texlive/tex/latex/listings/listings.sty
\lst@mode=\count120
\lst@gtempboxa=\box58
\lst@token=\toks35
\lst@length=\count121
\lst@currlwidth=\dimen146
\lst@column=\count122
\lst@pos=\count123
\lst@lostspace=\dimen147
\lst@width=\dimen148
\lst@newlines=\count124
\lst@lineno=\count125
\c@lstlisting=\count126
\lst@maxwidth=\dimen149

(/usr/share/texmf-texlive/tex/latex/listings/lstpatch.sty
File: lstpatch.sty 2004/10/17 1.3b (Carsten Heinz)
)
(/usr/share/texmf-texlive/tex/latex/listings/lstmisc.sty
File: lstmisc.sty 2004/09/07 1.3 (Carsten Heinz)
\c@lstnumber=\count127
\lst@skipnumbers=\count128
\lst@framebox=\box59
)
(/usr/share/texmf-texlive/tex/latex/listings/listings.cfg
File: listings.cfg 2004/09/05 1.3 listings configuration
))
Package: listings 2004/10/17 1.3b (Carsten Heinz)

(./aDataTextMining.aux)
\openout1 = `aDataTextMining.aux'.

LaTeX Font Info:    Checking defaults for OML/cmm/m/it on input line 19.
LaTeX Font Info:    ... okay on input line 19.
LaTeX Font Info:    Checking defaults for T1/cmr/m/n on input line 19.
LaTeX Font Info:    ... okay on input line 19.
LaTeX Font Info:    Checking defaults for OT1/cmr/m/n on input line 19.
LaTeX Font Info:    ... okay on input line 19.
LaTeX Font Info:    Checking defaults for OMS/cmsy/m/n on input line 19.
LaTeX Font Info:    ... okay on input line 19.
LaTeX Font Info:    Checking defaults for OMX/cmex/m/n on input line 19.
LaTeX Font Info:    ... okay on input line 19.
LaTeX Font Info:    Checking defaults for U/cmr/m/n on input line 19.
LaTeX Font Info:    ... okay on input line 19.
LaTeX Font Info:    Checking defaults for PD1/pdf/m/n on input line 19.
LaTeX Font Info:    ... okay on input line 19.
Package hyperref Info: Link coloring ON on input line 19.

(/usr/share/texmf-texlive/tex/latex/hyperref/nameref.sty
Package: nameref 2006/12/27 v2.28 Cross-referencing by name of section

(/usr/share/texmf-texlive/tex/latex/oberdiek/refcount.sty
Package: refcount 2006/02/20 v3.0 Data extraction from references (HO)
)
\c@section@level=\count129
)
LaTeX Info: Redefining \ref on input line 19.
LaTeX Info: Redefining \pageref on input line 19.

(./aDataTextMining.out) (./aDataTextMining.out)
\@outlinefile=\write4
\openout4 = `aDataTextMining.out'.


Overfull \hbox (1.83334pt too wide) has occurred while \output is active
[] 
 []


Overfull \hbox (1.83334pt too wide) has occurred while \output is active
[][] 
 []

[1


pdfTeX warning (ext4): destination with the same identifier (name{1.-1}) has be
en already used, duplicate ignored

\output@slide ...oexpand \shipout \box \@slidebox 
                                                  \endgroup \let \firstmark ...
l.38 \maketitle
               {/var/lib/texmf/fonts/map/pdftex/updmap/pdftex.map}]
Overfull \hbox (1.83334pt too wide) has occurred while \output is active
[] 
 []


Overfull \hbox (1.83334pt too wide) has occurred while \output is active
[][] 
 []

[2

pdfTeX warning (ext4): destination with the same identifier (name{2.0}) has bee
n already used, duplicate ignored

\output@slide ...oexpand \shipout \box \@slidebox 
                                                  \endgroup \let \firstmark ...
l.44 \end{Slide}
                ]
Overfull \hbox (1.83334pt too wide) has occurred while \output is active
[] 
 []


Overfull \hbox (1.83334pt too wide) has occurred while \output is active
[][] 
 []

[3

pdfTeX warning (ext4): destination with the same identifier (name{3.-1}) has be
en already used, duplicate ignored

\output@slide ...oexpand \shipout \box \@slidebox 
                                                  \endgroup \let \firstmark ...
l.47 \end{PartSlide}
                    ]
<figuras/information-overload.jpg, id=230, 793.20732pt x 1084.05pt>
File: figuras/information-overload.jpg Graphic file (type jpg)

<use figuras/information-overload.jpg>
Overfull \hbox (1.83334pt too wide) has occurred while \output is active
[] 
 []


Overfull \hbox (1.83334pt too wide) has occurred while \output is active
[][] 
 []

[4

pdfTeX warning (ext4): destination with the same identifier (name{4.0}) has bee
n already used, duplicate ignored

\output@slide ...oexpand \shipout \box \@slidebox 
                                                  \endgroup \let \firstmark ...
l.55 \end{Slide}
                 <./figuras/information-overload.jpg>]
<figuras/notic_hor_dia_2.pdf, id=236, 361.35pt x 252.945pt>
File: figuras/notic_hor_dia_2.pdf Graphic file (type pdf)

<use figuras/notic_hor_dia_2.pdf>
Overfull \hbox (1.83334pt too wide) has occurred while \output is active
[] 
 []


Overfull \hbox (1.83334pt too wide) has occurred while \output is active
[][] 
 []

[5

pdfTeX warning (ext4): destination with the same identifier (name{5.0}) has bee
n already used, duplicate ignored

\output@slide ...oexpand \shipout \box \@slidebox 
                                                  \endgroup \let \firstmark ...
l.66 \end{Slide}
                 <./figuras/notic_hor_dia_2.pdf>]
<figuras/noticias.pdf, id=247, 361.35pt x 252.945pt>
File: figuras/noticias.pdf Graphic file (type pdf)

<use figuras/noticias.pdf>
Overfull \hbox (1.83334pt too wide) has occurred while \output is active
[] 
 []


Overfull \hbox (1.83334pt too wide) has occurred while \output is active
[][] 
 []

[6

pdfTeX warning (ext4): destination with the same identifier (name{6.0}) has bee
n already used, duplicate ignored

\output@slide ...oexpand \shipout \box \@slidebox 
                                                  \endgroup \let \firstmark ...
l.74 \end{Slide}
                 <./figuras/noticias.pdf>]
Overfull \hbox (1.83334pt too wide) has occurred while \output is active
[] 
 []


Overfull \hbox (1.83334pt too wide) has occurred while \output is active
[][] 
 []

[7

pdfTeX warning (ext4): destination with the same identifier (name{7.0}) has bee
n already used, duplicate ignored

\output@slide ...oexpand \shipout \box \@slidebox 
                                                  \endgroup \let \firstmark ...
l.83 \newpage
             ]
Overfull \hbox (1.83334pt too wide) has occurred while \output is active
[] 
 []


Overfull \hbox (1.83334pt too wide) has occurred while \output is active
[][] 
 []

[8]
Overfull \hbox (1.83334pt too wide) has occurred while \output is active
[] 
 []


Overfull \hbox (1.83334pt too wide) has occurred while \output is active
[][] 
 []

[9

pdfTeX warning (ext4): destination with the same identifier (name{9.-1}) has be
en already used, duplicate ignored

\output@slide ...oexpand \shipout \box \@slidebox 
                                                  \endgroup \let \firstmark ...
l.94 \end{PartSlide}
                    ]

LaTeX Warning: Slide 10 overfull by 3.1231pt on input line 108.


Overfull \hbox (1.83334pt too wide) has occurred while \output is active
[] 
 []


Overfull \hbox (1.83334pt too wide) has occurred while \output is active
[][] 
 []

[10

pdfTeX warning (ext4): destination with the same identifier (name{10.0}) has be
en already used, duplicate ignored

\output@slide ...oexpand \shipout \box \@slidebox 
                                                  \endgroup \let \firstmark ...
l.108 \end{Slide}
                 ]
Overfull \hbox (1.83334pt too wide) has occurred while \output is active
[] 
 []


Overfull \hbox (1.83334pt too wide) has occurred while \output is active
[][] 
 []

[11

pdfTeX warning (ext4): destination with the same identifier (name{11.-1}) has b
een already used, duplicate ignored

\output@slide ...oexpand \shipout \box \@slidebox 
                                                  \endgroup \let \firstmark ...
l.111 \end{PartSlide}
                     ]
Overfull \hbox (1.83334pt too wide) has occurred while \output is active
[] 
 []


Overfull \hbox (1.83334pt too wide) has occurred while \output is active
[][] 
 []

[12

pdfTeX warning (ext4): destination with the same identifier (name{12.0}) has be
en already used, duplicate ignored

\output@slide ...oexpand \shipout \box \@slidebox 
                                                  \endgroup \let \firstmark ...
l.123   \newpage
                ]
Overfull \hbox (1.83334pt too wide) has occurred while \output is active
[] 
 []


Overfull \hbox (1.83334pt too wide) has occurred while \output is active
[][] 
 []

[13]
Overfull \hbox (1.83334pt too wide) has occurred while \output is active
[] 
 []


Overfull \hbox (1.83334pt too wide) has occurred while \output is active
[][] 
 []

[14

pdfTeX warning (ext4): destination with the same identifier (name{14.0}) has be
en already used, duplicate ignored

\output@slide ...oexpand \shipout \box \@slidebox 
                                                  \endgroup \let \firstmark ...
l.149 \end{Slide}
                 ]
LaTeX Font Info:    External font `cmex10' loaded for size
(Font)              <9> on input line 155.
LaTeX Font Info:    External font `cmex10' loaded for size
(Font)              <6> on input line 155.


LaTeX Warning: Slide 15 overfull by 8.41545pt on input line 172.


Overfull \vbox (5.59978pt too high) has occurred while \output is active []


Overfull \hbox (1.83334pt too wide) has occurred while \output is active
[] 
 []


Overfull \hbox (1.83334pt too wide) has occurred while \output is active
[][] 
 []

[15

pdfTeX warning (ext4): destination with the same identifier (name{15.0}) has be
en already used, duplicate ignored

\output@slide ...oexpand \shipout \box \@slidebox 
                                                  \endgroup \let \firstmark ...
l.172 \newpage
              ]
Overfull \hbox (1.83334pt too wide) has occurred while \output is active
[] 
 []


Overfull \hbox (1.83334pt too wide) has occurred while \output is active
[][] 
 []

[16]
Overfull \hbox (1.83334pt too wide) has occurred while \output is active
[] 
 []


Overfull \hbox (1.83334pt too wide) has occurred while \output is active
[][] 
 []

[17]
Overfull \hbox (1.83334pt too wide) has occurred while \output is active
[] 
 []


Overfull \hbox (1.83334pt too wide) has occurred while \output is active
[][] 
 []

[18

pdfTeX warning (ext4): destination with the same identifier (name{18.0}) has be
en already used, duplicate ignored

\output@slide ...oexpand \shipout \box \@slidebox 
                                                  \endgroup \let \firstmark ...
l.221 \end{Slide}
                 ]
Overfull \hbox (1.83334pt too wide) has occurred while \output is active
[] 
 []


Overfull \hbox (1.83334pt too wide) has occurred while \output is active
[][] 
 []

[19

pdfTeX warning (ext4): destination with the same identifier (name{19.0}) has be
en already used, duplicate ignored

\output@slide ...oexpand \shipout \box \@slidebox 
                                                  \endgroup \let \firstmark ...
l.231 \end{Slide}
                 ]
<figuras/arvoreDecisao.pdf, id=322, 653.44125pt x 402.50375pt>
File: figuras/arvoreDecisao.pdf Graphic file (type pdf)

<use figuras/arvoreDecisao.pdf>

LaTeX Warning: Slide 20 overfull by 7.76349pt on input line 241.


Overfull \vbox (2.7636pt too high) has occurred while \output is active []


Overfull \hbox (1.83334pt too wide) has occurred while \output is active
[] 
 []


Overfull \hbox (1.83334pt too wide) has occurred while \output is active
[][] 
 []

[20

pdfTeX warning (ext4): destination with the same identifier (name{20.0}) has be
en already used, duplicate ignored

\output@slide ...oexpand \shipout \box \@slidebox 
                                                  \endgroup \let \firstmark ...
l.241 \end{Slide}
                  <./figuras/arvoreDecisao.pdf>]
Overfull \hbox (1.83334pt too wide) has occurred while \output is active
[] 
 []


Overfull \hbox (1.83334pt too wide) has occurred while \output is active
[][] 
 []

[21

pdfTeX warning (ext4): destination with the same identifier (name{21.0}) has be
en already used, duplicate ignored

\output@slide ...oexpand \shipout \box \@slidebox 
                                                  \endgroup \let \firstmark ...
l.253 \end{Slide}
                 ]
<figuras/sistemaEspecialista.pdf, id=340, 513.92pt x 259.97125pt>
File: figuras/sistemaEspecialista.pdf Graphic file (type pdf)

<use figuras/sistemaEspecialista.pdf>
Overfull \hbox (1.83334pt too wide) has occurred while \output is active
[] 
 []


Overfull \hbox (1.83334pt too wide) has occurred while \output is active
[][] 
 []

[22

pdfTeX warning (ext4): destination with the same identifier (name{22.0}) has be
en already used, duplicate ignored

\output@slide ...oexpand \shipout \box \@slidebox 
                                                  \endgroup \let \firstmark ...
l.261 \end{Slide}
                  <./figuras/sistemaEspecialista.pdf>]
Overfull \hbox (1.83334pt too wide) has occurred while \output is active
[] 
 []


Overfull \hbox (1.83334pt too wide) has occurred while \output is active
[][] 
 []

[23

pdfTeX warning (ext4): destination with the same identifier (name{23.0}) has be
en already used, duplicate ignored

\output@slide ...oexpand \shipout \box \@slidebox 
                                                  \endgroup \let \firstmark ...
l.271 \newpage
              ]
Overfull \hbox (1.83334pt too wide) has occurred while \output is active
[] 
 []


Overfull \hbox (1.83334pt too wide) has occurred while \output is active
[][] 
 []

[24]
LaTeX Font Info:    External font `cmex10' loaded for size
(Font)              <8> on input line 288.


LaTeX Font Warning: Font shape `OT1/cmss/m/it' in size <10> not available
(Font)              Font shape `OT1/cmss/m/sl' tried instead on input line 290.



Overfull \hbox (1.83334pt too wide) has occurred while \output is active
[] 
 []


Overfull \hbox (1.83334pt too wide) has occurred while \output is active
[][] 
 []

[25

pdfTeX warning (ext4): destination with the same identifier (name{25.0}) has be
en already used, duplicate ignored

\output@slide ...oexpand \shipout \box \@slidebox 
                                                  \endgroup \let \firstmark ...
l.292 \end{Slide}
                 ]
Overfull \hbox (1.83334pt too wide) has occurred while \output is active
[] 
 []


Overfull \hbox (1.83334pt too wide) has occurred while \output is active
[][] 
 []

[26

pdfTeX warning (ext4): destination with the same identifier (name{26.-1}) has b
een already used, duplicate ignored

\output@slide ...oexpand \shipout \box \@slidebox 
                                                  \endgroup \let \firstmark ...
l.295 \end{PartSlide}
                     ]
Overfull \hbox (1.83334pt too wide) has occurred while \output is active
[] 
 []


Overfull \hbox (1.83334pt too wide) has occurred while \output is active
[][] 
 []

[27

pdfTeX warning (ext4): destination with the same identifier (name{27.0}) has be
en already used, duplicate ignored

\output@slide ...oexpand \shipout \box \@slidebox 
                                                  \endgroup \let \firstmark ...
l.307 \end{Slide}
                 ]
<figuras/agrupamentoNoticias.png, id=382, 1027.84pt x 722.7pt>
File: figuras/agrupamentoNoticias.png Graphic file (type png)

<use figuras/agrupamentoNoticias.png>
Overfull \hbox (1.83334pt too wide) has occurred while \output is active
[] 
 []


Overfull \hbox (1.83334pt too wide) has occurred while \output is active
[][] 
 []

[28

pdfTeX warning (ext4): destination with the same identifier (name{28.0}) has be
en already used, duplicate ignored

\output@slide ...oexpand \shipout \box \@slidebox 
                                                  \endgroup \let \firstmark ...
l.315 \end{Slide}
                  <./figuras/agrupamentoNoticias.png>]
Overfull \hbox (1.83334pt too wide) has occurred while \output is active
[] 
 []


Overfull \hbox (1.83334pt too wide) has occurred while \output is active
[][] 
 []

[29

pdfTeX warning (ext4): destination with the same identifier (name{29.0}) has be
en already used, duplicate ignored

\output@slide ...oexpand \shipout \box \@slidebox 
                                                  \endgroup \let \firstmark ...
l.328 \end{Slide}
                 ]
Overfull \hbox (1.83334pt too wide) has occurred while \output is active
[] 
 []


Overfull \hbox (1.83334pt too wide) has occurred while \output is active
[][] 
 []

[30

pdfTeX warning (ext4): destination with the same identifier (name{30.0}) has be
en already used, duplicate ignored

\output@slide ...oexpand \shipout \box \@slidebox 
                                                  \endgroup \let \firstmark ...
l.344 \end{Slide}
                 ]
Overfull \hbox (1.83334pt too wide) has occurred while \output is active
[] 
 []


Overfull \hbox (1.83334pt too wide) has occurred while \output is active
[][] 
 []

[31

pdfTeX warning (ext4): destination with the same identifier (name{31.0}) has be
en already used, duplicate ignored

\output@slide ...oexpand \shipout \box \@slidebox 
                                                  \endgroup \let \firstmark ...
l.358 \end{Slide}
                 ]
Overfull \hbox (1.83334pt too wide) has occurred while \output is active
[] 
 []


Overfull \hbox (1.83334pt too wide) has occurred while \output is active
[][] 
 []

[32

pdfTeX warning (ext4): destination with the same identifier (name{32.0}) has be
en already used, duplicate ignored

\output@slide ...oexpand \shipout \box \@slidebox 
                                                  \endgroup \let \firstmark ...
l.376 \end{Slide}
                 ]
Overfull \hbox (1.83334pt too wide) has occurred while \output is active
[] 
 []


Overfull \hbox (1.83334pt too wide) has occurred while \output is active
[][] 
 []

[33

pdfTeX warning (ext4): destination with the same identifier (name{33.0}) has be
en already used, duplicate ignored

\output@slide ...oexpand \shipout \box \@slidebox 
                                                  \endgroup \let \firstmark ...
l.386 \end{Slide}
                 ]

LaTeX Warning: Slide 34 overfull by 12.7564pt on input line 402.


Overfull \vbox (3.1906pt too high) has occurred while \output is active []


Overfull \hbox (1.83334pt too wide) has occurred while \output is active
[] 
 []


Overfull \hbox (1.83334pt too wide) has occurred while \output is active
[][] 
 []

[34

pdfTeX warning (ext4): destination with the same identifier (name{34.0}) has be
en already used, duplicate ignored

\output@slide ...oexpand \shipout \box \@slidebox 
                                                  \endgroup \let \firstmark ...
l.402 \end{Slide}
                 ]
Overfull \hbox (1.83334pt too wide) has occurred while \output is active
[] 
 []


Overfull \hbox (1.83334pt too wide) has occurred while \output is active
[][] 
 []

[35

pdfTeX warning (ext4): destination with the same identifier (name{35.0}) has be
en already used, duplicate ignored

\output@slide ...oexpand \shipout \box \@slidebox 
                                                  \endgroup \let \firstmark ...
l.424 \end{Slide}
                 ]
Overfull \hbox (1.83334pt too wide) has occurred while \output is active
[] 
 []


Overfull \hbox (1.83334pt too wide) has occurred while \output is active
[][] 
 []

[36

pdfTeX warning (ext4): destination with the same identifier (name{36.0}) has be
en already used, duplicate ignored

\output@slide ...oexpand \shipout \box \@slidebox 
                                                  \endgroup \let \firstmark ...
l.447 \end{Slide}
                 ]
<figuras/componentesAgrupamentoIncompleto.pdf, id=437, 787.94376pt x 541.02126p
t>
File: figuras/componentesAgrupamentoIncompleto.pdf Graphic file (type pdf)
 <use figuras/componentesAgrupamentoIncompleto.pdf>
Overfull \hbox (1.83334pt too wide) has occurred while \output is active
[] 
 []


Overfull \hbox (1.83334pt too wide) has occurred while \output is active
[][] 
 []

[37

pdfTeX warning (ext4): destination with the same identifier (name{37.0}) has be
en already used, duplicate ignored

\output@slide ...oexpand \shipout \box \@slidebox 
                                                  \endgroup \let \firstmark ...
l.451 \end{Slide}
                  <./figuras/componentesAgrupamentoIncompleto.pdf>]
Overfull \hbox (1.83334pt too wide) has occurred while \output is active
[] 
 []


Overfull \hbox (1.83334pt too wide) has occurred while \output is active
[][] 
 []

[38

pdfTeX warning (ext4): destination with the same identifier (name{38.0}) has be
en already used, duplicate ignored

\output@slide ...oexpand \shipout \box \@slidebox 
                                                  \endgroup \let \firstmark ...
l.474 \end{Slide}
                 ]
<figuras/componentesAgrupamento.pdf, id=452, 787.94376pt x 541.02126pt>
File: figuras/componentesAgrupamento.pdf Graphic file (type pdf)

<use figuras/componentesAgrupamento.pdf>
Overfull \hbox (1.83334pt too wide) has occurred while \output is active
[] 
 []


Overfull \hbox (1.83334pt too wide) has occurred while \output is active
[][] 
 []

[39

pdfTeX warning (ext4): destination with the same identifier (name{39.0}) has be
en already used, duplicate ignored

\output@slide ...oexpand \shipout \box \@slidebox 
                                                  \endgroup \let \firstmark ...
l.478 \end{Slide}
                  <./figuras/componentesAgrupamento.pdf>]

LaTeX Font Warning: Font shape `OT1/cmss/m/it' in size <14.4> not available
(Font)              Font shape `OT1/cmss/m/sl' tried instead on input line 480.



Overfull \hbox (1.83334pt too wide) has occurred while \output is active
[] 
 []


Overfull \hbox (1.83334pt too wide) has occurred while \output is active
[][] 
 []

[40

pdfTeX warning (ext4): destination with the same identifier (name{40.0}) has be
en already used, duplicate ignored

\output@slide ...oexpand \shipout \box \@slidebox 
                                                  \endgroup \let \firstmark ...
l.488 \end{Slide}
                 ]
<figuras/desenhoKmeans_v2.pdf, id=468, 704.6325pt x 503.8825pt>
File: figuras/desenhoKmeans_v2.pdf Graphic file (type pdf)

<use figuras/desenhoKmeans_v2.pdf>

LaTeX Warning: Slide 41 overfull by 5.66313pt on input line 494.


Overfull \vbox (3.92484pt too high) has occurred while \output is active []


Overfull \hbox (1.83334pt too wide) has occurred while \output is active
[] 
 []


Overfull \hbox (1.83334pt too wide) has occurred while \output is active
[][] 
 []

[41

pdfTeX warning (ext4): destination with the same identifier (name{41.0}) has be
en already used, duplicate ignored

\output@slide ...oexpand \shipout \box \@slidebox 
                                                  \endgroup \let \firstmark ...
l.494 \end{Slide}
                  <./figuras/desenhoKmeans_v2.pdf>]

LaTeX Font Warning: Font shape `OT1/cmss/m/sc' in size <14.4> not available
(Font)              Font shape `OT1/cmr/m/sc' tried instead on input line 496.


LaTeX Font Warning: Font shape `OT1/cmss/m/sc' in size <10> not available
(Font)              Font shape `OT1/cmr/m/sc' tried instead on input line 498.


Overfull \hbox (1.83334pt too wide) has occurred while \output is active
[] 
 []


Overfull \hbox (1.83334pt too wide) has occurred while \output is active
[][] 
 []

[42

pdfTeX warning (ext4): destination with the same identifier (name{42.0}) has be
en already used, duplicate ignored

\output@slide ...oexpand \shipout \box \@slidebox 
                                                  \endgroup \let \firstmark ...
l.499 \end{Slide}
                 ] (/usr/share/texmf-texlive/tex/latex/listings/lstlang1.sty
File: lstlang1.sty 2004/09/05 1.3 listings language file
)
(/usr/share/texmf-texlive/tex/latex/listings/lstlang2.sty
File: lstlang2.sty 2004/09/05 1.3 listings language file
)
Package hyperref Info: bookmark level for unknown lstlisting defaults to 0 on i
nput line 505.

(./codigos/resultadoCluster.txt)
Overfull \hbox (1.83334pt too wide) has occurred while \output is active
[] 
 []


Overfull \hbox (1.83334pt too wide) has occurred while \output is active
[][] 
 []

[43

pdfTeX warning (ext4): destination with the same identifier (name{43.0}) has be
en already used, duplicate ignored

\output@slide ...oexpand \shipout \box \@slidebox 
                                                  \endgroup \let \firstmark ...
l.506 \end{Slide}
                 ]
Overfull \hbox (1.83334pt too wide) has occurred while \output is active
[] 
 []


Overfull \hbox (1.83334pt too wide) has occurred while \output is active
[][] 
 []

[44

pdfTeX warning (ext4): destination with the same identifier (name{44.-1}) has b
een already used, duplicate ignored

\output@slide ...oexpand \shipout \box \@slidebox 
                                                  \endgroup \let \firstmark ...
l.509 \end{PartSlide}
                     ]
<figuras/feedback.pdf, id=514, 787.94376pt x 541.02126pt>
File: figuras/feedback.pdf Graphic file (type pdf)

<use figuras/feedback.pdf>
Overfull \hbox (1.83334pt too wide) has occurred while \output is active
[] 
 []


Overfull \hbox (1.83334pt too wide) has occurred while \output is active
[][] 
 []

[45

pdfTeX warning (ext4): destination with the same identifier (name{45.0}) has be
en already used, duplicate ignored

\output@slide ...oexpand \shipout \box \@slidebox 
                                                  \endgroup \let \firstmark ...
l.515 \end{Slide}
                  <./figuras/feedback.pdf>]
Overfull \hbox (30.62952pt too wide) in paragraph at lines 522--535
 [][] 
 []


Overfull \hbox (1.83334pt too wide) has occurred while \output is active
[] 
 []


Overfull \hbox (1.83334pt too wide) has occurred while \output is active
[][] 
 []

[46

pdfTeX warning (ext4): destination with the same identifier (name{46.0}) has be
en already used, duplicate ignored

\output@slide ...oexpand \shipout \box \@slidebox 
                                                  \endgroup \let \firstmark ...
l.536 \end{Slide}
                 ]
<figuras/classificacaoIncompleto.pdf, id=528, 787.94376pt x 541.02126pt>
File: figuras/classificacaoIncompleto.pdf Graphic file (type pdf)

<use figuras/classificacaoIncompleto.pdf>
Overfull \hbox (1.83334pt too wide) has occurred while \output is active
[] 
 []


Overfull \hbox (1.83334pt too wide) has occurred while \output is active
[][] 
 []

[47

pdfTeX warning (ext4): destination with the same identifier (name{47.0}) has be
en already used, duplicate ignored

\output@slide ...oexpand \shipout \box \@slidebox 
                                                  \endgroup \let \firstmark ...
l.542 \end{Slide}
                  <./figuras/classificacaoIncompleto.pdf>]
<figuras/classificacaoCompleto.pdf, id=537, 787.94376pt x 541.02126pt>
File: figuras/classificacaoCompleto.pdf Graphic file (type pdf)

<use figuras/classificacaoCompleto.pdf>
Overfull \hbox (1.83334pt too wide) has occurred while \output is active
[] 
 []


Overfull \hbox (1.83334pt too wide) has occurred while \output is active
[][] 
 []

[48

pdfTeX warning (ext4): destination with the same identifier (name{48.0}) has be
en already used, duplicate ignored

\output@slide ...oexpand \shipout \box \@slidebox 
                                                  \endgroup \let \firstmark ...
l.548 \end{Slide}
                  <./figuras/classificacaoCompleto.pdf>]
<figuras/classificacaoCompletoComFerramentas.pdf, id=546, 787.94376pt x 541.021
26pt>
File: figuras/classificacaoCompletoComFerramentas.pdf Graphic file (type pdf)
 <use figuras/classificacaoCompletoComFerramentas.pdf>
Overfull \hbox (1.83334pt too wide) has occurred while \output is active
[] 
 []


Overfull \hbox (1.83334pt too wide) has occurred while \output is active
[][] 
 []

[49

pdfTeX warning (ext4): destination with the same identifier (name{49.0}) has be
en already used, duplicate ignored

\output@slide ...oexpand \shipout \box \@slidebox 
                                                  \endgroup \let \firstmark ...
l.554 \end{Slide}
                  <./figuras/classificacaoCompletoComFerramentas.pdf>]

LaTeX Font Warning: Font shape `OT1/cmss/m/sc' in size <24.88> not available
(Font)              Font shape `OT1/cmr/m/sc' tried instead on input line 556.


Overfull \hbox (1.83334pt too wide) has occurred while \output is active
[] 
 []


Overfull \hbox (1.83334pt too wide) has occurred while \output is active
[][] 
 []

[50

pdfTeX warning (ext4): destination with the same identifier (name{50.-1}) has b
een already used, duplicate ignored

\output@slide ...oexpand \shipout \box \@slidebox 
                                                  \endgroup \let \firstmark ...
l.557 \end{PartSlide}
                     ]
Overfull \hbox (1.83334pt too wide) has occurred while \output is active
[] 
 []


Overfull \hbox (1.83334pt too wide) has occurred while \output is active
[][] 
 []

[51

pdfTeX warning (ext4): destination with the same identifier (name{51.0}) has be
en already used, duplicate ignored

\output@slide ...oexpand \shipout \box \@slidebox 
                                                  \endgroup \let \firstmark ...
l.582 \end{Slide}
                 ]
<figuras/cenarioAtuacao_v2_comSim.pdf, id=567, 779.91376pt x 455.7025pt>
File: figuras/cenarioAtuacao_v2_comSim.pdf Graphic file (type pdf)

<use figuras/cenarioAtuacao_v2_comSim.pdf>
Overfull \hbox (1.83334pt too wide) has occurred while \output is active
[] 
 []


Overfull \hbox (1.83334pt too wide) has occurred while \output is active
[][] 
 []

[52

pdfTeX warning (ext4): destination with the same identifier (name{52.0}) has be
en already used, duplicate ignored

\output@slide ...oexpand \shipout \box \@slidebox 
                                                  \endgroup \let \firstmark ...
l.591 \end{Slide}
                  <./figuras/cenarioAtuacao_v2_comSim.pdf>]
Overfull \hbox (1.83334pt too wide) has occurred while \output is active
[] 
 []


Overfull \hbox (1.83334pt too wide) has occurred while \output is active
[][] 
 []

[53

pdfTeX warning (ext4): destination with the same identifier (name{53.0}) has be
en already used, duplicate ignored

\output@slide ...oexpand \shipout \box \@slidebox 
                                                  \endgroup \let \firstmark ...
l.595 \end{Slide}
                 ]
Overfull \hbox (1.83334pt too wide) has occurred while \output is active
[] 
 []


Overfull \hbox (1.83334pt too wide) has occurred while \output is active
[][] 
 []

[54

pdfTeX warning (ext4): destination with the same identifier (name{54.-1}) has b
een already used, duplicate ignored

\output@slide ...oexpand \shipout \box \@slidebox 
                                                  \endgroup \let \firstmark ...
l.598 \end{PartSlide}
                     ]
Overfull \hbox (1.83334pt too wide) has occurred while \output is active
[] 
 []


Overfull \hbox (1.83334pt too wide) has occurred while \output is active
[][] 
 []

[55

pdfTeX warning (ext4): destination with the same identifier (name{55.0}) has be
en already used, duplicate ignored

\output@slide ...oexpand \shipout \box \@slidebox 
                                                  \endgroup \let \firstmark ...
l.608 \end{Slide}
                 ]
Overfull \hbox (1.83334pt too wide) has occurred while \output is active
[] 
 []


Overfull \hbox (1.83334pt too wide) has occurred while \output is active
[][] 
 []

[56

pdfTeX warning (ext4): destination with the same identifier (name{56.-1}) has b
een already used, duplicate ignored

\output@slide ...oexpand \shipout \box \@slidebox 
                                                  \endgroup \let \firstmark ...
l.612 \end{PartSlide}
                     ] (./aDataTextMining.bbl)

*******************************************************
***** !! PRINT THIS DOCUMENT IN LANDSCAPE MODE !! *****
*******************************************************
[56] (./aDataTextMining.aux) ) 
Here is how much of TeX's memory you used:
 5906 strings out of 94101
 79787 string characters out of 1165811
 157263 words of memory out of 1500000
 8900 multiletter control sequences out of 10000+50000
 12546 words of font info for 43 fonts, out of 1200000 for 2000
 637 hyphenation exceptions out of 8191
 41i,16n,40p,228b,1518s stack positions out of 5000i,500n,6000p,200000b,5000s
</usr/share/texmf-texlive/fonts/type1/bluesky/cm/
cmcsc10.pfb></usr/share/texmf-texlive/fonts/type1/bluesky/cm/cmmi10.pfb></usr/s
hare/texmf-texlive/fonts/type1/bluesky/cm/cmmi5.pfb></usr/share/texmf-texlive/f
onts/type1/bluesky/cm/cmmi6.pfb></usr/share/texmf-texlive/fonts/type1/bluesky/c
m/cmmi7.pfb></usr/share/texmf-texlive/fonts/type1/bluesky/cm/cmmi9.pfb></usr/sh
are/texmf-texlive/fonts/type1/bluesky/cm/cmr10.pfb></usr/share/texmf-texlive/fo
nts/type1/bluesky/cm/cmr5.pfb></usr/share/texmf-texlive/fonts/type1/bluesky/cm/
cmr6.pfb></usr/share/texmf-texlive/fonts/type1/bluesky/cm/cmr7.pfb></usr/share/
texmf-texlive/fonts/type1/bluesky/cm/cmr8.pfb></usr/share/texmf-texlive/fonts/t
ype1/bluesky/cm/cmss10.pfb></usr/share/texmf-texlive/fonts/type1/bluesky/cm/cms
s12.pfb></usr/share/texmf-texlive/fonts/type1/bluesky/cm/cmss17.pfb></usr/share
/texmf-texlive/fonts/type1/bluesky/cm/cmss8.pfb></usr/share/texmf-texlive/fonts
/type1/bluesky/cm/cmss9.pfb></usr/share/texmf-texlive/fonts/type1/bluesky/cm/cm
ssbx10.pfb></usr/share/texmf-texlive/fonts/type1/bluesky/cm/cmssi10.pfb></usr/s
hare/texmf-texlive/fonts/type1/bluesky/cm/cmssi12.pfb></usr/share/texmf-texlive
/fonts/type1/bluesky/cm/cmssi8.pfb></usr/share/texmf-texlive/fonts/type1/bluesk
y/cm/cmsy10.pfb></usr/share/texmf-texlive/fonts/type1/bluesky/cm/cmsy5.pfb></us
r/share/texmf-texlive/fonts/type1/bluesky/cm/cmsy9.pfb></usr/share/texmf-texliv
e/fonts/type1/bluesky/latex-fonts/lcircle1.pfb>
Output written on aDataTextMining.pdf (57 pages, 961216 bytes).
PDF statistics:
 733 PDF objects out of 1000 (max. 8388607)
 175 named destinations out of 1000 (max. 131072)
 495 words of extra memory for PDF output out of 10000 (max. 10000000)

