\BOOKMARK [-1][]{1.-1}{Agrupamento de mensagens do Twitter}{}% 1
\BOOKMARK [0][]{2.0}{Sum\341rio}{1.-1}% 2
\BOOKMARK [0][]{3.0}{Componentes para uma solu\347\343o...}{1.-1}% 3
\BOOKMARK [0][]{4.0}{Coletando dados do twitter com o R}{1.-1}% 4
\BOOKMARK [-1][]{5.-1}{Pr\351-processamento dos dados}{}% 5
\BOOKMARK [0][]{6.0}{Formato de um documento}{5.-1}% 6
\BOOKMARK [0][]{7.0}{Conjunto de Exemplos - Atributo/Valor}{5.-1}% 7
\BOOKMARK [0][]{8.0}{Atributo/Valor usando vetores}{5.-1}% 8
\BOOKMARK [0][]{9.0}{Diminuindo a dimensionalidade do vetor}{5.-1}% 9
\BOOKMARK [0][]{10.0}{Diminuindo ainda mais a dimensionalidade do vetor}{5.-1}% 10
\BOOKMARK [0][]{11.0}{Atributo/Valor usando vetores}{5.-1}% 11
\BOOKMARK [0][]{12.0}{Por freq\374\352ncia do termo}{5.-1}% 12
\BOOKMARK [0][]{13.0}{Executando esta etapa no R}{5.-1}% 13
\BOOKMARK [0][]{14.0}{Componentes para uma solu\347\343o...}{5.-1}% 14
\BOOKMARK [-1][]{15.-1}{Algoritmos para Agrupamento}{}% 15
\BOOKMARK [0][]{16.0}{Defini\347\365es de Algoritmos de Agrupamento}{15.-1}% 16
\BOOKMARK [0][]{17.0}{Algoritmos para Agrupamento - K-means}{15.-1}% 17
\BOOKMARK [0][]{18.0}{Algoritmo para Agrupamento - K-means}{15.-1}% 18
\BOOKMARK [0][]{19.0}{Algoritmo K-means}{15.-1}% 19
\BOOKMARK [0][]{20.0}{Como determinar o melhor k?}{15.-1}% 20
\BOOKMARK [0][]{21.0}{Agrupamento de mensagens do twitter com o R}{15.-1}% 21
\BOOKMARK [0][]{22.0}{Refer\352ncias}{15.-1}% 22
