This is pdfTeX, Version 3.1415926-1.40.11 (TeX Live 2010/MacPorts 2010_2) (format=prv_aIntroducao 2012.12.16)  16 DEC 2012 19:54
entering extended mode
 restricted \write18 enabled.
 %&-line parsing enabled.
**&prv_aIntroducao _region_.tex
(./_region_.tex
LaTeX2e <2009/09/24>
Babel <v3.8l> and hyphenation patterns for english, dumylang, nohyphenation, cz
ech, slovak, dutch, ukenglish, usenglishmax, basque, french, german-x-2009-06-1
9, ngerman-x-2009-06-19, german, ngerman, swissgerman, italian, polish, portugu
ese, spanish, catalan, galician, loaded.
CUSTOMISED FORMAT. Preloaded files:
        .
jomislides.cls    2002/05/23
 seminar.cls    2008/10/15, 1.5
 article.cls    2007/10/19 v1.4h Standard LaTeX document class
  size10.clo    2007/10/19 v1.4h Standard LaTeX file (size option)
sem-page.sty    
  ifthen.sty    2001/05/26 v1.1c Standard LaTeX ifthen package (DPC)
fancybox.sty    2010/05/15 1.4
   color.sty    2005/11/14 v1.0j Standard LaTeX Color (DPC)
   color.cfg    2007/01/18 v1.5 color configuration of teTeX/TeXLive
  pdftex.def    2010/02/14 v0.04n Graphics/color for pdfTeX
graphicx.sty    1999/02/16 v1.0f Enhanced LaTeX Graphics (DPC,SPQR)
  keyval.sty    1999/03/16 v1.13 key=value parser (DPC)
graphics.sty    2009/02/05 v1.0o Standard LaTeX Graphics (DPC,SPQR)
    trig.sty    1999/03/16 v1.09 sin cos tan (DPC)
graphics.cfg    2010/04/23 v1.9 graphics configuration of TeX Live
slidesec.sty    
     url.sty    2006/04/12  ver 3.3  Verb mode for urls, etc.
hyperref.sty    2010/06/18 v6.81g Hypertext links for LaTeX
 ltxcmds.sty    2010/04/26 v1.7 LaTeX kernel commands for general use (HO)
kvsetkeys.sty    2010/03/01 v1.9 Key value parser (HO)
infwarerr.sty    2010/04/08 v1.3 Providing info/warning/message (HO)
etexcmds.sty    2010/01/28 v1.3 Prefix for e-TeX command names (HO)
pdfescape.sty    2010/03/01 v1.9 Provides hex, PDF name and string conversions 
(HO)
pdftexcmds.sty    2010/04/01 v0.9 Utility functions of pdfTeX for LuaTeX (HO)
ifluatex.sty    2010/03/01 v1.3 Provides the ifluatex switch (HO)
   ifpdf.sty    2010/01/28 v2.1 Provides the ifpdf switch (HO)
  ifvtex.sty    2010/03/01 v1.5 Switches for detecting VTeX and its modes (HO)
 ifxetex.sty    2009/01/23 v0.5 Provides ifxetex conditional
 hycolor.sty    2009/12/12 v1.6 Color options of hyperref/bookmark (HO)
xcolor-patch.sty    2009/12/12 xcolor patch
letltxmacro.sty    2008/06/24 v1.3 Let assignment for LaTeX macros (HO)
  pd1enc.def    2010/06/18 v6.81g Hyperref: PDFDocEncoding definition (HO)
 intcalc.sty    2007/09/27 v1.1 Expandable integer calculations (HO)
hyperref.cfg    2002/06/06 v1.2 hyperref configuration of TeXLive
kvoptions.sty    2010/02/22 v3.7 Keyval support for LaTeX options (HO)
  bitset.sty    2007/09/28 v1.0 Data type bit set (HO)
bigintcalc.sty    2007/11/11 v1.1 Expandable big integer calculations (HO)
atbegshi.sty    2010/03/25 v1.12 At begin shipout hook (HO)
 hpdftex.def    2010/06/18 v6.81g Hyperref driver for pdfTeX
atveryend.sty    2010/03/24 v1.5 Hooks at very end of document (HO)
rerunfilecheck.sty    2010/03/16 v1.6 Rerun checks for auxiliary files (HO)
uniquecounter.sty    2009/12/18 v1.1 Provides unlimited unique counter (HO)
background.sty    
pagetrans.sty    
   pause.sty    
enumerate.sty    1999/03/05 v3.00 enumerate extensions (DPC)
multicol.sty    2008/12/05 v1.6h multicolumn formatting (FMi)
tabularx.sty    1999/01/07 v2.07 `tabularx' package (DPC)
   array.sty    2008/09/09 v2.4c Tabular extension package (FMi)
inputenc.sty    2008/03/30 v1.1d Input encoding file
  latin1.def    2008/03/30 v1.1d Input encoding file
 seminar.bug
 seminar.bg2
colortbl.sty    2001/02/13 v0.1j Color table columns (DPC)
   alltt.sty    1997/06/16 v2.0g defines alltt environment
booktabs.sty    2005/04/14 v1.61803 publication quality tables
        .
No file _region_.aux.
LaTeX Font Info:    Checking defaults for OML/cmm/m/it on input line 25.
LaTeX Font Info:    ... okay on input line 25.
LaTeX Font Info:    Checking defaults for T1/cmr/m/n on input line 25.
LaTeX Font Info:    ... okay on input line 25.
LaTeX Font Info:    Checking defaults for OT1/cmr/m/n on input line 25.
LaTeX Font Info:    ... okay on input line 25.
LaTeX Font Info:    Checking defaults for OMS/cmsy/m/n on input line 25.
LaTeX Font Info:    ... okay on input line 25.
LaTeX Font Info:    Checking defaults for OMX/cmex/m/n on input line 25.
LaTeX Font Info:    ... okay on input line 25.
LaTeX Font Info:    Checking defaults for U/cmr/m/n on input line 25.
LaTeX Font Info:    ... okay on input line 25.
LaTeX Font Info:    Checking defaults for PD1/pdf/m/n on input line 25.
LaTeX Font Info:    ... okay on input line 25.

(/Applications/Aquamacs.app/Contents/Resources/lisp/aquamacs/edit-modes/auctex/
latex/preview.sty
Package: preview 2010/02/14 11.86 (AUCTeX/preview-latex)

(/Applications/Aquamacs.app/Contents/Resources/lisp/aquamacs/edit-modes/auctex/
latex/prtightpage.def
\PreviewBorder=\dimen144
)
(/Applications/Aquamacs.app/Contents/Resources/lisp/aquamacs/edit-modes/auctex/
latex/prauctex.def
No auxiliary output files.


\hbadness=\count115
\hfuzz=\dimen145

(/Applications/Aquamacs.app/Contents/Resources/lisp/aquamacs/edit-modes/auctex/
latex/prauctex.cfg))
(/Applications/Aquamacs.app/Contents/Resources/lisp/aquamacs/edit-modes/auctex/
latex/prfootnotes.def)
\pr@snippet=\count116
\pr@box=\box58
\pr@output=\toks34

Preview: Fontsize 10pt
Preview: Magnification 2488
Preview: PDFoutput 1
) (/opt/local/share/texmf-texlive-dist/tex/context/base/supp-pdf.mkii
[Loading MPS to PDF converter (version 2006.09.02).]
\scratchcounter=\count117
\scratchdimen=\dimen146
\scratchbox=\box59
\nofMPsegments=\count118
\nofMParguments=\count119
\everyMPshowfont=\toks35
\MPscratchCnt=\count120
\MPscratchDim=\dimen147
\MPnumerator=\count121
\everyMPtoPDFconversion=\toks36
) (/opt/local/share/texmf-texlive-dist/tex/latex/oberdiek/epstopdf-base.sty
Package: epstopdf-base 2010/02/09 v2.5 Base part for package epstopdf

(/opt/local/share/texmf-texlive-dist/tex/latex/oberdiek/grfext.sty
Package: grfext 2007/09/30 v1.0 Managing graphics extensions (HO)
)
Package grfext Info: Graphics extension search list:
(grfext)             [.png,.pdf,.jpg,.mps,.jpeg,.jbig2,.jb2,.PNG,.PDF,.JPG,.JPE
G,.JBIG2,.JB2,.eps]
(grfext)             \AppendGraphicsExtensions on input line 436.

(/opt/local/share/texmf-texlive-dist/tex/latex/latexconfig/epstopdf-sys.cfg
File: epstopdf-sys.cfg 2010/07/13 v1.3 Configuration of (r)epstopdf for TeX Liv
e
))
\AtBeginShipoutBox=\box60
Package hyperref Info: Link coloring ON on input line 25.

(/opt/local/share/texmf-texlive-dist/tex/latex/hyperref/nameref.sty
Package: nameref 2010/04/30 v2.40 Cross-referencing by name of section

(/opt/local/share/texmf-texlive-dist/tex/latex/oberdiek/refcount.sty
Package: refcount 2008/08/11 v3.1 Data extraction from references (HO)
)
(/opt/local/share/texmf-texlive-dist/tex/generic/oberdiek/gettitlestring.sty
Package: gettitlestring 2009/12/18 v1.3 Cleanup title references (HO)
)
\c@section@level=\count122
)
LaTeX Info: Redefining \ref on input line 25.
LaTeX Info: Redefining \pageref on input line 25.
LaTeX Info: Redefining \nameref on input line 25.

 !name(aIntroducao.tex) !offset(-3) 
\@writefile{los}{\l@slide {1}{\ignorespaces Sum\'ario}{2}}
\@writefile{los}{\l@slide {2}{\ignorespaces Exemplos}{3}}

LaTeX Warning: Slide 3 overfull by 14.8453pt on input line 80.

\@writefile{los}{\l@slide {3}{\ignorespaces O que \'e Aprendizagem de M\'aquina
?}{4}}
\@writefile{los}{\l@slide {4}{\ignorespaces Exerc\IeC {\'\i }cio}{5}}
\@writefile{los}{\l@slide {5}{\ignorespaces Hierarquia de aprendizado}{6}}
! Preview: Snippet 1 started.
<-><->
      
l.108 \begin{figure}
                    [htbp]
Not a real error.

Package epstopdf Info: Source file: <hierarquia.eps>
(epstopdf)                    date: 2012-12-16 19:23:56
(epstopdf)                    size: 8632 bytes
(epstopdf)             Output file: <hierarquia-eps-converted-to.pdf>
(epstopdf)                    date: 2012-12-16 19:25:04
(epstopdf)                    size: 7794 bytes
(epstopdf)             Command: <repstopdf --outfile=hierarquia-eps-converted-t
o.pdf hierarquia.eps>
(epstopdf)             \includegraphics on input line 111.
Package epstopdf Info: Output file is already uptodate.
<hierarquia-eps-converted-to.pdf, id=4, 665.48625pt x 263.98625pt>
File: hierarquia-eps-converted-to.pdf Graphic file (type pdf)

<use hierarquia-eps-converted-to.pdf>
! Extra }, or forgotten \endgroup.
<recently read> \egroup 
                        
l.114 \end{figure}
                  
I've deleted a group-closing symbol because it seems to be
spurious, as in `$x}$'. But perhaps the } is legitimate and
you forgot something else, as in `\hbox{$x}'. In such cases
the way to recover is to insert both the forgotten and the
deleted material, e.g., by typing `I$}'.

Preview: Tightpage -32891 -32891 32891 32891
! Preview: Snippet 1 ended.(7195455+0x16180530).
<-><->
      
l.114 \end{figure}
                  
Not a real error.

[6 <./hierarquia-eps-converted-to.pdf{/opt/local/var/db/texmf/fonts/map/pdftex/
updmap/pdftex.map}>]
! Missing } inserted.
<inserted text> 
                }
l.115 \end{Slide}
                 
I've inserted something that you may have forgotten.
(See the <inserted text> above.)
With luck, this will get me unwedged. But if you
really didn't forget anything, try typing `2' now; then
my insertion and my current dilemma will both disappear.


Seminar.sty error.   Type  H <return>  for immediate help.

! Perhaps missing `\end{figure}', `}' or `\endgroup'
.
\@seminarerr ...immediate help.
}\errmessage {#1
}
                                                  
l.115 \end{Slide}
                 
You're in trouble here.  Try typing  <return>  to proceed.\MessageBreak If that
 doesn't work, type  X <return>  to quit.

\@writefile{los}{\l@slide {6}{\ignorespaces Exemplos de aprendizagem supervisio
nada}{6}}
\@writefile{los}{\l@slide {7}{\ignorespaces Exemplo de dataset com \emph {class
e}}{8}}
! Preview: Snippet 2 started.
<-><->
      
l.152 \begin{table}
                   [htpb]
Not a real error.

LaTeX Font Info:    External font `cmex10' loaded for size
(Font)              <9> on input line 154.
LaTeX Font Info:    External font `cmex10' loaded for size
(Font)              <6> on input line 154.
! Extra }, or forgotten \endgroup.
<recently read> \egroup 
                        
l.166 \end{table}
                 
I've deleted a group-closing symbol because it seems to be
spurious, as in `$x}$'. But perhaps the } is legitimate and
you forgot something else, as in `\hbox{$x}'. In such cases
the way to recover is to insert both the forgotten and the
deleted material, e.g., by typing `I$}'.

! Preview: Snippet 2 ended.(7875613+0x16180530).
<-><->
      
l.166 \end{table}
                 
Not a real error.

[8]

Seminar.sty error.   Type  H <return>  for immediate help.

! Perhaps missing `\end{table}', `}' or `\endgroup'
.
\@seminarerr ...immediate help.
}\errmessage {#1
}
                                                  
l.168 \end{Slide}
                 
You're in trouble here.  Try typing  <return>  to proceed.\MessageBreak If that
 doesn't work, type  X <return>  to quit.

! Missing } inserted.
<inserted text> 
                }
l.168 \end{Slide}
                 
I've inserted something that you may have forgotten.
(See the <inserted text> above.)
With luck, this will get me unwedged. But if you
really didn't forget anything, try typing `2' now; then
my insertion and my current dilemma will both disappear.

\@writefile{los}{\l@slide {8}{\ignorespaces Exerc\IeC {\'\i }cios}{9}}
\@writefile{los}{\l@slide {9}{\ignorespaces Exemplos de aprendizagem n\~ao supe
rvisionada}{10}}
\@writefile{los}{\l@slide {10}{\ignorespaces Exerc\IeC {\'\i }cios}{11}}
\@writefile{los}{\l@slide {11}{\ignorespaces Material de \textbf  {consulta}}{1
3}}

*******************************************************
***** !! PRINT THIS DOCUMENT IN LANDSCAPE MODE !! *****
*******************************************************
Package atveryend Info: Empty hook `BeforeClearDocument' on input line 221.
Package atveryend Info: Empty hook `AfterLastShipout' on input line 221.
Package atveryend Info: Executing hook `AtVeryEndDocument' on input line 221.

LaTeX Font Warning: Some font shapes were not available, defaults substituted.

 ) 
Here is how much of TeX's memory you used:
 799 strings out of 489585
 12665 string characters out of 3094383
 170259 words of memory out of 3000000
 9054 multiletter control sequences out of 15000+200000
 9288 words of font info for 33 fonts, out of 3000000 for 9000
 134 hyphenation exceptions out of 8191
 29i,16n,27p,188b,738s stack positions out of 5000i,500n,10000p,200000b,50000s
</opt/local/share/texmf-texlive-dist/fonts/type1/public/amsfonts/cm/cmss9.pfb
></opt/local/share/texmf-texlive-dist/fonts/type1/public/amsfonts/cm/cmssbx10.p
fb></opt/local/share/texmf-texlive-dist/fonts/type1/public/amsfonts/cm/cmsy9.pf
b>
Output written on _region_.pdf (2 pages, 33172 bytes).
PDF statistics:
 30 PDF objects out of 1000 (max. 8388607)
 20 compressed objects within 1 object stream
 0 named destinations out of 1000 (max. 500000)
 6 words of extra memory for PDF output out of 10000 (max. 10000000)

