\BOOKMARK [-1][]{1.-1}{Web Data Mining com R: processamento de dados [no R]}{}% 1
\BOOKMARK [0][]{2.0}{Sum\341rio}{1.-1}% 2
\BOOKMARK [0][]{3.0}{Projeto R}{1.-1}% 3
\BOOKMARK [0][]{4.0}{Defini\347\343o de dados}{1.-1}% 4
\BOOKMARK [0][]{8.0}{Raw data versus dados processados}{1.-1}% 5
\BOOKMARK [0][]{10.0}{Dados brutos}{1.-1}% 6
\BOOKMARK [0][]{11.0}{Dados brutos}{1.-1}% 7
\BOOKMARK [0][]{12.0}{Exemplo de dado processado}{1.-1}% 8
\BOOKMARK [0][]{13.0}{Tiny data}{1.-1}% 9
\BOOKMARK [-1][]{14.-1}{Big or small - you need the right data}{}% 10
\BOOKMARK [-1][]{15.-1}{Representa\347\343o de dados no R}{}% 11
\BOOKMARK [0][]{16.0}{Tipos de dados importantes no R}{15.-1}% 12
\BOOKMARK [0][]{17.0}{Character}{15.-1}% 13
\BOOKMARK [0][]{18.0}{Numeric}{15.-1}% 14
\BOOKMARK [0][]{19.0}{Integer}{15.-1}% 15
\BOOKMARK [0][]{20.0}{Logical}{15.-1}% 16
\BOOKMARK [0][]{21.0}{Vectors}{15.-1}% 17
\BOOKMARK [0][]{22.0}{Lists}{15.-1}% 18
\BOOKMARK [0][]{23.0}{Lists}{15.-1}% 19
\BOOKMARK [0][]{24.0}{Matrizes}{15.-1}% 20
\BOOKMARK [0][]{25.0}{Data frames}{15.-1}% 21
\BOOKMARK [0][]{26.0}{Data frames}{15.-1}% 22
\BOOKMARK [0][]{27.0}{Factors}{15.-1}% 23
\BOOKMARK [0][]{28.0}{Missing values}{15.-1}% 24
\BOOKMARK [0][]{29.0}{Subsetting}{15.-1}% 25
\BOOKMARK [0][]{30.0}{Subsetting}{15.-1}% 26
\BOOKMARK [0][]{31.0}{Logical subsetting}{15.-1}% 27
\BOOKMARK [-1][]{32.-1}{Obtendo dados}{}% 28
\BOOKMARK [0][]{33.0}{Dados locais \(toy examples\)}{32.-1}% 29
\BOOKMARK [0][]{34.0}{Earthquake data \(dados reais\)}{32.-1}% 30
