\BOOKMARK [-1][]{1.-1}{Uma Introdu\347\343o \340 Minera\347\343o de Informa\347\365es}{}
\BOOKMARK [0][]{2.0}{Objetivo}{1.-1}
\BOOKMARK [-1][]{3.-1}{Import\342ncia do Tema}{}
\BOOKMARK [0][]{4.0}{Problema}{3.-1}
\BOOKMARK [0][]{5.0}{Alguns dados...}{3.-1}
\BOOKMARK [0][]{6.0}{Mais dados...}{3.-1}
\BOOKMARK [0][]{7.0}{Big Data}{3.-1}
\BOOKMARK [0][]{8.0}{Por que minerar informa\347\365es?}{3.-1}
\BOOKMARK [-1][]{10.-1}{Explicitar conhecimento m\351dico a partir de registros m\351dicos}{}
\BOOKMARK [0][]{11.0}{Diagn\363stico para o uso de lentes de contato}{10.-1}
\BOOKMARK [-1][]{12.-1}{Quais s\343o os componentes deste sistema?}{}
\BOOKMARK [0][]{13.0}{Componentes}{12.-1}
\BOOKMARK [0][]{15.0}{Atributos}{12.-1}
\BOOKMARK [0][]{16.0}{Dados}{12.-1}
\BOOKMARK [0][]{19.0}{Extra\347\343o de ``conhecimento''}{12.-1}
\BOOKMARK [0][]{20.0}{Extra\347\343o de ``conhecimento''}{12.-1}
\BOOKMARK [0][]{21.0}{\301rvore de decis\343o}{12.-1}
\BOOKMARK [0][]{22.0}{Algoritmos Indutores de \301rvores de Decis\343o}{12.-1}
\BOOKMARK [0][]{23.0}{Resultado: Sistema Especialista}{12.-1}
\BOOKMARK [0][]{24.0}{Sistema Especialista: Regras de Produ\347\343o}{12.-1}
\BOOKMARK [0][]{26.0}{Um pouco de c\363digo...}{12.-1}
\BOOKMARK [-1][]{27.-1}{Organizar documentos}{}
\BOOKMARK [0][]{28.0}{O que fazer com grandes quantidades de documentos?}{27.-1}
\BOOKMARK [0][]{29.0}{Exemplo de classifica\347\343o/agrupamento}{27.-1}
\BOOKMARK [0][]{30.0}{Exemplo de classifica\347\343o/agrupamento}{27.-1}
\BOOKMARK [0][]{31.0}{Formato de um documento}{27.-1}
\BOOKMARK [0][]{32.0}{Atributo/Valor usando vetores}{27.-1}
\BOOKMARK [0][]{33.0}{Diminuindo a dimensionalidade do vetor}{27.-1}
\BOOKMARK [0][]{34.0}{Diminuindo ainda mais a dimensionalidade do vetor}{27.-1}
\BOOKMARK [0][]{35.0}{Atributo/Valor usando vetores}{27.-1}
\BOOKMARK [0][]{36.0}{Por freq\374\352ncia do termo}{27.-1}
\BOOKMARK [0][]{37.0}{Conjunto de Exemplos - Atributo/Valor}{27.-1}
\BOOKMARK [-1][]{38.-1}{Classifica\347\343o de documentos}{}
\BOOKMARK [0][]{39.0}{An\341lise de Sentimento em mensagens no Twitter}{38.-1}
\BOOKMARK [0][]{40.0}{Conjunto de Exemplos Rotulados}{38.-1}
\BOOKMARK [0][]{41.0}{Conjunto de Exemplos - Atributo/Valor e Classe}{38.-1}
\BOOKMARK [0][]{42.0}{Algoritmo Na\357ve Bayes}{38.-1}
\BOOKMARK [0][]{43.0}{Exemplo}{38.-1}
\BOOKMARK [0][]{44.0}{Classifica\347\343o e Filtragem de Not\355cias}{38.-1}
\BOOKMARK [0][]{45.0}{Conjunto de Exemplos - Atributo/Valor e Classe}{38.-1}
\BOOKMARK [0][]{46.0}{Qual \351 o problema?}{38.-1}
\BOOKMARK [0][]{47.0}{Uma solu\347\343o...}{38.-1}
\BOOKMARK [0][]{48.0}{Processo de trabalho}{38.-1}
\BOOKMARK [-1][]{49.-1}{Agrupamento de documentos}{}
\BOOKMARK [0][]{50.0}{Defini\347\365es de Algoritmos de Agrupamento}{49.-1}
\BOOKMARK [0][]{51.0}{Componentes para uma solu\347\343o...}{49.-1}
\BOOKMARK [0][]{52.0}{Algoritmos para Agrupamento - K-means}{49.-1}
\BOOKMARK [0][]{53.0}{Algoritmo para Agrupamento - K-means}{49.-1}
\BOOKMARK [0][]{54.0}{Algoritmos para agrupamento dos documentos - Weka}{49.-1}
\BOOKMARK [0][]{55.0}{Algoritmo para agrupamento dos documentos - Resultados}{49.-1}
\BOOKMARK [-1][]{56.-1}{Minerando o log de um servidor Web}{}
\BOOKMARK [0][]{57.0}{Exemplo t\355pico de log}{56.-1}
\BOOKMARK [0][]{58.0}{Pr\351-processamento do log: identifica\347\343o de usu\341rios}{56.-1}
\BOOKMARK [0][]{59.0}{Pr\351-processamento do log: identifica\347\343o das se\347\365es}{56.-1}
\BOOKMARK [0][]{60.0}{Matriz de transa\347\365es}{56.-1}
\BOOKMARK [0][]{61.0}{Regras de Associa\347\343o}{56.-1}
\BOOKMARK [-1][]{62.-1}{Considera\347\365es Finais}{}
\BOOKMARK [0][]{63.0}{Considera\347\365es Finais}{62.-1}
\BOOKMARK [0][]{64.0}{Outros exemplos}{62.-1}
\BOOKMARK [-1][]{65.-1}{Refer\352ncias}{}
